Started GET "/" for ::1 at 2020-09-16 21:31:40 +0800
Processing by HomeController#top as HTML
  Rendering home/top.html.erb within layouts/application
  Rendered home/top.html.erb within layouts/application (0.5ms)
Completed 200 OK in 104ms (Views: 96.8ms | ActiveRecord: 0.0ms)Started GET "/" for ::1 at 2020-09-16 21:35:07 +0800
Processing by HomeController#top as HTML
  Rendering home/top.html.erb within layouts/application
  Rendered home/top.html.erb within layouts/application (0.6ms)
Completed 200 OK in 107ms (Views: 97.5ms | ActiveRecord: 0.0ms)


Started GET "/" for ::1 at 2020-09-16 21:35:08 +0800
Processing by HomeController#top as HTML
  Rendering home/top.html.erb within layouts/application
  Rendered home/top.html.erb within layouts/application (0.5ms)
Completed 200 OK in 108ms (Views: 99.2ms | ActiveRecord: 0.0ms)


Started GET "/" for ::1 at 2020-09-16 21:35:09 +0800
Processing by HomeController#top as HTML
  Rendering home/top.html.erb within layouts/application
  Rendered home/top.html.erb within layouts/application (0.4ms)
Completed 200 OK in 94ms (Views: 84.3ms | ActiveRecord: 0.0ms)


Started GET "/" for ::1 at 2020-09-16 21:35:50 +0800
Processing by HomeController#top as HTML
  Rendering home/top.html.erb within layouts/application
  Rendered home/top.html.erb within layouts/application (0.5ms)
Completed 200 OK in 108ms (Views: 100.6ms | ActiveRecord: 0.0ms)


Started GET "/" for ::1 at 2020-09-16 22:15:52 +0800
Processing by HomeController#top as HTML
  Rendering home/top.html.erb within layouts/application
  Rendered home/top.html.erb within layouts/application (1.1ms)
Completed 200 OK in 191ms (Views: 175.3ms | ActiveRecord: 0.0ms)


Started GET "/" for ::1 at 2020-09-16 22:20:15 +0800
Processing by HomeController#top as HTML
  Rendering home/top.html.erb within layouts/application
  Rendered home/top.html.erb within layouts/application (0.7ms)
Completed 200 OK in 105ms (Views: 98.0ms | ActiveRecord: 0.0ms)


Started GET "/" for ::1 at 2020-09-17 17:27:37 +0800
Processing by HomeController#top as HTML
  Rendering home/top.html.erb within layouts/application
  Rendered home/top.html.erb within layouts/application (8.8ms)
Completed 200 OK in 569ms (Views: 560.5ms | ActiveRecord: 0.0ms)


Started GET "/" for ::1 at 2020-09-17 17:29:03 +0800
Processing by HomeController#top as HTML
  Rendering home/top.html.erb within layouts/application
  Rendered home/top.html.erb within layouts/application (0.4ms)
Completed 200 OK in 116ms (Views: 111.3ms | ActiveRecord: 0.0ms)


Started GET "/" for ::1 at 2020-09-17 17:29:38 +0800
Processing by HomeController#top as HTML
  Rendering home/top.html.erb within layouts/application
  Rendered home/top.html.erb within layouts/application (0.8ms)
Completed 200 OK in 89ms (Views: 84.1ms | ActiveRecord: 0.0ms)


Started GET "/" for ::1 at 2020-09-17 17:31:50 +0800
Processing by HomeController#top as HTML
  Rendering home/top.html.erb within layouts/application
  Rendered home/top.html.erb within layouts/application (0.3ms)
Completed 200 OK in 89ms (Views: 82.5ms | ActiveRecord: 0.0ms)


Started GET "/" for ::1 at 2020-09-17 17:34:09 +0800
Processing by HomeController#top as HTML
  Rendering home/top.html.erb within layouts/application
  Rendered home/top.html.erb within layouts/application (0.4ms)
Completed 200 OK in 133ms (Views: 128.1ms | ActiveRecord: 0.0ms)


Started GET "/" for ::1 at 2020-09-17 17:35:09 +0800
Processing by HomeController#top as HTML
  Rendering home/top.html.erb within layouts/application
  Rendered home/top.html.erb within layouts/application (1.0ms)
Completed 200 OK in 77ms (Views: 70.8ms | ActiveRecord: 0.0ms)


Started GET "/" for ::1 at 2020-09-17 17:35:12 +0800
Processing by HomeController#top as HTML
  Rendering home/top.html.erb within layouts/application
  Rendered home/top.html.erb within layouts/application (0.3ms)
Completed 200 OK in 93ms (Views: 85.6ms | ActiveRecord: 0.0ms)


Started GET "/" for ::1 at 2020-09-17 17:36:05 +0800
Processing by HomeController#top as HTML
  Rendering home/top.html.erb within layouts/application
  Rendered home/top.html.erb within layouts/application (0.3ms)
Completed 200 OK in 107ms (Views: 103.6ms | ActiveRecord: 0.0ms)


Started GET "/" for ::1 at 2020-09-17 17:37:56 +0800
Processing by HomeController#top as HTML
  Rendering home/top.html.erb within layouts/application
  Rendered home/top.html.erb within layouts/application (1.1ms)
Completed 200 OK in 105ms (Views: 101.6ms | ActiveRecord: 0.0ms)


Started GET "/" for ::1 at 2020-09-17 17:39:26 +0800
Processing by HomeController#top as HTML
  Rendering home/top.html.erb within layouts/application
  Rendered home/top.html.erb within layouts/application (0.5ms)
Completed 200 OK in 132ms (Views: 128.0ms | ActiveRecord: 0.0ms)


Started GET "/" for ::1 at 2020-09-17 17:40:26 +0800
Processing by HomeController#top as HTML
  Rendering home/top.html.erb within layouts/application
  Rendered home/top.html.erb within layouts/application (0.5ms)
Completed 200 OK in 119ms (Views: 113.3ms | ActiveRecord: 0.0ms)


Started GET "/" for ::1 at 2020-09-17 17:41:25 +0800
Processing by HomeController#top as HTML
  Rendering home/top.html.erb within layouts/application
  Rendered home/top.html.erb within layouts/application (0.3ms)
Completed 200 OK in 109ms (Views: 105.6ms | ActiveRecord: 0.0ms)


Started GET "/" for ::1 at 2020-09-17 17:42:17 +0800
Processing by HomeController#top as HTML
  Rendering home/top.html.erb within layouts/application
  Rendered home/top.html.erb within layouts/application (0.4ms)
Completed 200 OK in 110ms (Views: 106.5ms | ActiveRecord: 0.0ms)


Started GET "/" for ::1 at 2020-09-17 17:42:34 +0800
Processing by HomeController#top as HTML
  Rendering home/top.html.erb within layouts/application
  Rendered home/top.html.erb within layouts/application (0.3ms)
Completed 200 OK in 103ms (Views: 97.5ms | ActiveRecord: 0.0ms)


Started GET "/" for ::1 at 2020-09-17 17:43:03 +0800
Processing by HomeController#top as HTML
  Rendering home/top.html.erb within layouts/application
  Rendered home/top.html.erb within layouts/application (0.3ms)
Completed 200 OK in 112ms (Views: 107.8ms | ActiveRecord: 0.0ms)


Started GET "/" for ::1 at 2020-09-17 17:44:42 +0800
Processing by HomeController#top as HTML
  Rendering home/top.html.erb within layouts/application
  Rendered home/top.html.erb within layouts/application (0.3ms)
Completed 200 OK in 101ms (Views: 97.0ms | ActiveRecord: 0.0ms)


Started GET "/" for ::1 at 2020-09-17 17:45:28 +0800
Processing by HomeController#top as HTML
  Rendering home/top.html.erb within layouts/application
  Rendered home/top.html.erb within layouts/application (0.3ms)
Completed 200 OK in 120ms (Views: 115.1ms | ActiveRecord: 0.0ms)


Started GET "/" for ::1 at 2020-09-17 18:51:49 +0800
Processing by HomeController#top as HTML
  Rendering home/top.html.erb within layouts/application
  Rendered home/top.html.erb within layouts/application (3.8ms)
Completed 200 OK in 162ms (Views: 146.9ms | ActiveRecord: 0.0ms)


Started GET "/" for ::1 at 2020-09-17 18:56:51 +0800
Processing by HomeController#top as HTML
  Rendering home/top.html.erb within layouts/application
  Rendered home/top.html.erb within layouts/application (0.6ms)
Completed 200 OK in 136ms (Views: 131.2ms | ActiveRecord: 0.0ms)


Started GET "/" for ::1 at 2020-09-17 18:57:24 +0800
Processing by HomeController#top as HTML
  Rendering home/top.html.erb within layouts/application
  Rendered home/top.html.erb within layouts/application (0.3ms)
Completed 200 OK in 124ms (Views: 117.2ms | ActiveRecord: 0.0ms)


Started GET "/" for ::1 at 2020-09-17 18:57:49 +0800
Processing by HomeController#top as HTML
  Rendering home/top.html.erb within layouts/application
  Rendered home/top.html.erb within layouts/application (0.7ms)
Completed 200 OK in 101ms (Views: 97.6ms | ActiveRecord: 0.0ms)


Started GET "/" for ::1 at 2020-09-17 18:58:31 +0800
Processing by HomeController#top as HTML
  Rendering home/top.html.erb within layouts/application
  Rendered home/top.html.erb within layouts/application (0.4ms)
Completed 200 OK in 78ms (Views: 73.8ms | ActiveRecord: 0.0ms)


Started GET "/" for ::1 at 2020-09-17 18:59:22 +0800
Processing by HomeController#top as HTML
  Rendering home/top.html.erb within layouts/application
  Rendered home/top.html.erb within layouts/application (0.3ms)
Completed 200 OK in 77ms (Views: 71.5ms | ActiveRecord: 0.0ms)


Started GET "/" for ::1 at 2020-09-17 18:59:26 +0800
Processing by HomeController#top as HTML
  Rendering home/top.html.erb within layouts/application
  Rendered home/top.html.erb within layouts/application (0.4ms)
Completed 200 OK in 110ms (Views: 105.1ms | ActiveRecord: 0.0ms)


Started GET "/" for ::1 at 2020-09-17 18:59:27 +0800
Processing by HomeController#top as HTML
  Rendering home/top.html.erb within layouts/application
  Rendered home/top.html.erb within layouts/application (0.6ms)
Completed 200 OK in 87ms (Views: 80.1ms | ActiveRecord: 0.0ms)


Started GET "/" for ::1 at 2020-09-17 18:59:30 +0800
Processing by HomeController#top as HTML
  Rendering home/top.html.erb within layouts/application
  Rendered home/top.html.erb within layouts/application (0.8ms)
Started GET "/" for ::1 at 2020-09-17 18:59:30 +0800
Completed 200 OK in 96ms (Views: 90.8ms | ActiveRecord: 0.0ms)


Processing by HomeController#top as HTML
  Rendering home/top.html.erb within layouts/application
  Rendered home/top.html.erb within layouts/application (0.9ms)
Completed 200 OK in 87ms (Views: 81.5ms | ActiveRecord: 0.0ms)


Started GET "/" for ::1 at 2020-09-17 19:05:53 +0800
Processing by HomeController#top as HTML
  Rendering home/top.html.erb within layouts/application
  Rendered home/top.html.erb within layouts/application (0.8ms)
Completed 200 OK in 83ms (Views: 79.5ms | ActiveRecord: 0.0ms)


Started GET "/" for ::1 at 2020-09-17 19:08:23 +0800
Processing by HomeController#top as HTML
  Rendering home/top.html.erb within layouts/application
  Rendered home/top.html.erb within layouts/application (0.5ms)
Completed 200 OK in 105ms (Views: 100.8ms | ActiveRecord: 0.0ms)


Started GET "/" for ::1 at 2020-09-17 19:09:22 +0800
Processing by HomeController#top as HTML
  Rendering home/top.html.erb within layouts/application
  Rendered home/top.html.erb within layouts/application (0.5ms)
Completed 200 OK in 129ms (Views: 122.8ms | ActiveRecord: 0.0ms)


Started GET "/" for ::1 at 2020-09-17 19:11:29 +0800
Processing by HomeController#top as HTML
  Rendering home/top.html.erb within layouts/application
  Rendered home/top.html.erb within layouts/application (0.4ms)
Completed 200 OK in 119ms (Views: 113.9ms | ActiveRecord: 0.0ms)


Started GET "/" for ::1 at 2020-09-17 19:11:44 +0800
Processing by HomeController#top as HTML
  Rendering home/top.html.erb within layouts/application
  Rendered home/top.html.erb within layouts/application (0.5ms)
Completed 200 OK in 128ms (Views: 123.7ms | ActiveRecord: 0.0ms)


Started GET "/" for ::1 at 2020-09-17 19:13:31 +0800
Processing by HomeController#top as HTML
  Rendering home/top.html.erb within layouts/application
  Rendered home/top.html.erb within layouts/application (0.4ms)
Completed 200 OK in 127ms (Views: 118.4ms | ActiveRecord: 0.0ms)


Started GET "/" for ::1 at 2020-09-17 19:13:51 +0800
Processing by HomeController#top as HTML
  Rendering home/top.html.erb within layouts/application
  Rendered home/top.html.erb within layouts/application (0.7ms)
Completed 200 OK in 95ms (Views: 85.2ms | ActiveRecord: 0.0ms)


Started GET "/" for ::1 at 2020-09-17 19:15:14 +0800
Processing by HomeController#top as HTML
  Rendering home/top.html.erb within layouts/application
  Rendered home/top.html.erb within layouts/application (0.6ms)
Completed 200 OK in 162ms (Views: 156.1ms | ActiveRecord: 0.0ms)


Started GET "/" for ::1 at 2020-09-17 19:17:04 +0800
Processing by HomeController#top as HTML
  Rendering home/top.html.erb within layouts/application
  Rendered home/top.html.erb within layouts/application (0.7ms)
Completed 200 OK in 123ms (Views: 114.0ms | ActiveRecord: 0.0ms)


Started GET "/" for ::1 at 2020-09-17 19:18:14 +0800
Processing by HomeController#top as HTML
  Rendering home/top.html.erb within layouts/application
  Rendered home/top.html.erb within layouts/application (1.0ms)
Completed 200 OK in 114ms (Views: 106.7ms | ActiveRecord: 0.0ms)


Started GET "/" for ::1 at 2020-09-17 19:18:31 +0800
Processing by HomeController#top as HTML
  Rendering home/top.html.erb within layouts/application
  Rendered home/top.html.erb within layouts/application (0.8ms)
Completed 200 OK in 85ms (Views: 77.6ms | ActiveRecord: 0.0ms)


Started GET "/" for ::1 at 2020-09-17 19:21:23 +0800
Processing by HomeController#top as HTML
  Rendering home/top.html.erb within layouts/application
  Rendered home/top.html.erb within layouts/application (0.6ms)
Completed 200 OK in 131ms (Views: 124.3ms | ActiveRecord: 0.0ms)


Started GET "/" for ::1 at 2020-09-17 19:21:26 +0800
Processing by HomeController#top as HTML
  Rendering home/top.html.erb within layouts/application
  Rendered home/top.html.erb within layouts/application (0.5ms)
Completed 200 OK in 109ms (Views: 89.7ms | ActiveRecord: 0.0ms)


Started GET "/" for ::1 at 2020-09-17 19:23:28 +0800
Processing by HomeController#top as HTML
  Rendering home/top.html.erb within layouts/application
  Rendered home/top.html.erb within layouts/application (2.9ms)
Completed 200 OK in 122ms (Views: 114.2ms | ActiveRecord: 0.0ms)


Started GET "/" for ::1 at 2020-09-17 19:26:42 +0800
Processing by HomeController#top as HTML
  Rendering home/top.html.erb within layouts/application
  Rendered home/top.html.erb within layouts/application (1.0ms)
Completed 200 OK in 108ms (Views: 100.1ms | ActiveRecord: 0.0ms)


Started GET "/" for ::1 at 2020-09-17 19:26:45 +0800
Processing by HomeController#top as HTML
  Rendering home/top.html.erb within layouts/application
  Rendered home/top.html.erb within layouts/application (1.4ms)
Completed 200 OK in 138ms (Views: 130.6ms | ActiveRecord: 0.0ms)


Started GET "/" for ::1 at 2020-09-17 19:31:40 +0800
Processing by HomeController#top as HTML
  Rendering home/top.html.erb within layouts/application
  Rendered home/top.html.erb within layouts/application (1.0ms)
Completed 200 OK in 215ms (Views: 206.5ms | ActiveRecord: 0.0ms)


Started GET "/" for ::1 at 2020-09-17 19:32:28 +0800
Processing by HomeController#top as HTML
  Rendering home/top.html.erb within layouts/application
  Rendered home/top.html.erb within layouts/application (0.8ms)
Completed 200 OK in 97ms (Views: 93.3ms | ActiveRecord: 0.0ms)


